<?xml version="1.0" encoding="UTF-8"?>
<testsuite xmlns:xsi="http://www.w3.org/2001/XMLSchema-instance" xsi:noNamespaceSchemaLocation="https://maven.apache.org/surefire/maven-surefire-plugin/xsd/surefire-test-report-3.0.xsd" version="3.0" name="com.Ecommers.Products.ProductsApplicationTests" time="11.784" tests="1" errors="0" skipped="0" failures="0">
  <properties>
[...]
</properties>
  <testcase name="contextLoads" classname="com.Ecommers.Products.ProductsApplicationTests" time="2.992">
    <system-out><![CDATA[14:56:44.777 [main] INFO org.springframework.test.context.support.AnnotationConfigContextLoaderUtils -- Could not detect default configuration classes for test class [com.Ecommers.Products.ProductsApplicationTests]: ProductsApplicationTests does not declare any static, non-private, non-final, nested classes annotated with @Configuration.
14:56:45.113 [main] INFO org.springframework.boot.test.context.SpringBootTestContextBootstrapper -- Found @SpringBootConfiguration com.Ecommers.Products.ProductsApplication for test class com.Ecommers.Products.ProductsApplicationTests
14:56:45.852 [main] INFO org.springframework.boot.devtools.restart.RestartApplicationListener -- Restart disabled due to context in which it is running

  .   ____          _            __ _ _
 /\\ / ___'_ __ _ _(_)_ __  __ _ \ \ \ \
( ( )\___ | '_ | '_| | '_ \/ _` | \ \ \ \
 \\/  ___)| |_)| | | | | || (_| |  ) ) ) )
  '  |____| .__|_| |_|_| |_\__, | / / / /
 =========|_|==============|___/=/_/_/_/
 :: Spring Boot ::                (v3.2.4)

2024-04-10T14:56:46.801+05:30  INFO 12968 --- [Products] [           main] c.E.Products.ProductsApplicationTests    : Starting ProductsApplicationTests using Java 17.0.2 with PID 12968 (started by mahin in F:\Scaler\poject\Products\Products)
2024-04-10T14:56:46.807+05:30  INFO 12968 --- [Products] [           main] c.E.Products.ProductsApplicationTests    : No active profile set, falling back to 1 default profile: "default"
2024-04-10T14:56:52.734+05:30  INFO 12968 --- [Products] [           main] c.E.Products.ProductsApplicationTests    : Started ProductsApplicationTests in 6.924 seconds (process running for 10.912)
]]></system-out>
  </testcase>
</testsuite>